[debug] [2025-10-21T01:20:57.768Z] ----------------------------------------------------------------------
[debug] [2025-10-21T01:20:57.770Z] Command:       /Users/tyler/.nvm/versions/node/v22.17.0/bin/node /Users/tyler/.nvm/versions/node/v22.17.0/bin/firebase deploy --only functions
[debug] [2025-10-21T01:20:57.770Z] CLI Version:   14.20.0
[debug] [2025-10-21T01:20:57.770Z] Platform:      darwin
[debug] [2025-10-21T01:20:57.770Z] Node Version:  v22.17.0
[debug] [2025-10-21T01:20:57.770Z] Time:          Mon Oct 20 2025 20:20:57 GMT-0500 (Central Daylight Time)
[debug] [2025-10-21T01:20:57.770Z] ----------------------------------------------------------------------
[debug] 
[debug] [2025-10-21T01:20:57.872Z] > command requires scopes: ["email","openid","https://www.googleapis.com/auth/cloudplatformprojects.readonly","https://www.googleapis.com/auth/firebase","https://www.googleapis.com/auth/cloud-platform"]
[debug] [2025-10-21T01:20:57.872Z] > authorizing via signed-in user (tylerpohn@gmail.com)
[debug] [2025-10-21T01:20:57.872Z] [iam] checking project messageai-59479 for permissions ["cloudfunctions.functions.create","cloudfunctions.functions.delete","cloudfunctions.functions.get","cloudfunctions.functions.list","cloudfunctions.functions.update","cloudfunctions.operations.get","firebase.projects.get"]
[debug] [2025-10-21T01:20:57.873Z] Checked if tokens are valid: true, expires at: 1761010985439
[debug] [2025-10-21T01:20:57.873Z] Checked if tokens are valid: true, expires at: 1761010985439
[debug] [2025-10-21T01:20:57.873Z] >>> [apiv2][query] POST https://cloudresourcemanager.googleapis.com/v1/projects/messageai-59479:testIamPermissions [none]
[debug] [2025-10-21T01:20:57.873Z] >>> [apiv2][(partial)header] POST https://cloudresourcemanager.googleapis.com/v1/projects/messageai-59479:testIamPermissions x-goog-quota-user=projects/messageai-59479
[debug] [2025-10-21T01:20:57.873Z] >>> [apiv2][body] POST https://cloudresourcemanager.googleapis.com/v1/projects/messageai-59479:testIamPermissions {"permissions":["cloudfunctions.functions.create","cloudfunctions.functions.delete","cloudfunctions.functions.get","cloudfunctions.functions.list","cloudfunctions.functions.update","cloudfunctions.operations.get","firebase.projects.get"]}
[debug] [2025-10-21T01:20:58.025Z] <<< [apiv2][status] POST https://cloudresourcemanager.googleapis.com/v1/projects/messageai-59479:testIamPermissions 200
[debug] [2025-10-21T01:20:58.025Z] <<< [apiv2][body] POST https://cloudresourcemanager.googleapis.com/v1/projects/messageai-59479:testIamPermissions {"permissions":["cloudfunctions.functions.create","cloudfunctions.functions.delete","cloudfunctions.functions.get","cloudfunctions.functions.list","cloudfunctions.functions.update","cloudfunctions.operations.get","firebase.projects.get"]}
[debug] [2025-10-21T01:20:58.026Z] Checked if tokens are valid: true, expires at: 1761010985439
[debug] [2025-10-21T01:20:58.026Z] Checked if tokens are valid: true, expires at: 1761010985439
[debug] [2025-10-21T01:20:58.026Z] >>> [apiv2][query] POST https://iam.googleapis.com/v1/projects/messageai-59479/serviceAccounts/messageai-59479@appspot.gserviceaccount.com:testIamPermissions [none]
[debug] [2025-10-21T01:20:58.026Z] >>> [apiv2][body] POST https://iam.googleapis.com/v1/projects/messageai-59479/serviceAccounts/messageai-59479@appspot.gserviceaccount.com:testIamPermissions {"permissions":["iam.serviceAccounts.actAs"]}
[debug] [2025-10-21T01:20:58.163Z] <<< [apiv2][status] POST https://iam.googleapis.com/v1/projects/messageai-59479/serviceAccounts/messageai-59479@appspot.gserviceaccount.com:testIamPermissions 200
[debug] [2025-10-21T01:20:58.163Z] <<< [apiv2][body] POST https://iam.googleapis.com/v1/projects/messageai-59479/serviceAccounts/messageai-59479@appspot.gserviceaccount.com:testIamPermissions {"permissions":["iam.serviceAccounts.actAs"]}
[info] 
[info] === Deploying to 'messageai-59479'...
[info] 
[info] i  deploying functions 
[info] Running command: npm --prefix "$RESOURCE_DIR" run lint
[info] Running command: npm --prefix "$RESOURCE_DIR" run build
[info] ✔  functions: Finished running predeploy script. 
[debug] [2025-10-21T01:21:02.532Z] Checked if tokens are valid: true, expires at: 1761010985439
[debug] [2025-10-21T01:21:02.532Z] Checked if tokens are valid: true, expires at: 1761010985439
[debug] [2025-10-21T01:21:02.532Z] >>> [apiv2][query] GET https://serviceusage.googleapis.com/v1/projects/messageai-59479/services/cloudresourcemanager.googleapis.com [none]
[debug] [2025-10-21T01:21:02.533Z] >>> [apiv2][(partial)header] GET https://serviceusage.googleapis.com/v1/projects/messageai-59479/services/cloudresourcemanager.googleapis.com x-goog-quota-user=projects/messageai-59479
[debug] [2025-10-21T01:21:02.843Z] <<< [apiv2][status] GET https://serviceusage.googleapis.com/v1/projects/messageai-59479/services/cloudresourcemanager.googleapis.com 200
[debug] [2025-10-21T01:21:02.843Z] <<< [apiv2][body] GET https://serviceusage.googleapis.com/v1/projects/messageai-59479/services/cloudresourcemanager.googleapis.com [omitted]
[debug] [2025-10-21T01:21:02.855Z] Checked if tokens are valid: true, expires at: 1761010985439
[debug] [2025-10-21T01:21:02.856Z] Checked if tokens are valid: true, expires at: 1761010985439
[debug] [2025-10-21T01:21:02.856Z] >>> [apiv2][query] GET https://cloudresourcemanager.googleapis.com/v1/projects/messageai-59479 [none]
[debug] [2025-10-21T01:21:02.928Z] <<< [apiv2][status] GET https://cloudresourcemanager.googleapis.com/v1/projects/messageai-59479 200
[debug] [2025-10-21T01:21:02.928Z] <<< [apiv2][body] GET https://cloudresourcemanager.googleapis.com/v1/projects/messageai-59479 {"projectNumber":"212739250857","projectId":"messageai-59479","lifecycleState":"ACTIVE","name":"MessageAI","labels":{"firebase":"enabled","firebase-core":"disabled"},"createTime":"2025-10-20T17:35:56.131162Z"}
[info] i  functions: preparing codebase default for deployment 
[info] i  functions: ensuring required API cloudfunctions.googleapis.com is enabled... 
[info] i  functions: ensuring required API cloudbuild.googleapis.com is enabled... 
[debug] [2025-10-21T01:21:02.929Z] Checked if tokens are valid: true, expires at: 1761010985439
[debug] [2025-10-21T01:21:02.929Z] Checked if tokens are valid: true, expires at: 1761010985439
[info] i  artifactregistry: ensuring required API artifactregistry.googleapis.com is enabled... 
[debug] [2025-10-21T01:21:02.929Z] Checked if tokens are valid: true, expires at: 1761010985439
[debug] [2025-10-21T01:21:02.929Z] Checked if tokens are valid: true, expires at: 1761010985439
[debug] [2025-10-21T01:21:02.929Z] >>> [apiv2][query] GET https://serviceusage.googleapis.com/v1/projects/messageai-59479/services/cloudbuild.googleapis.com [none]
[debug] [2025-10-21T01:21:02.929Z] >>> [apiv2][(partial)header] GET https://serviceusage.googleapis.com/v1/projects/messageai-59479/services/cloudbuild.googleapis.com x-goog-quota-user=projects/messageai-59479
[debug] [2025-10-21T01:21:02.930Z] >>> [apiv2][query] GET https://serviceusage.googleapis.com/v1/projects/messageai-59479/services/artifactregistry.googleapis.com [none]
[debug] [2025-10-21T01:21:02.930Z] >>> [apiv2][(partial)header] GET https://serviceusage.googleapis.com/v1/projects/messageai-59479/services/artifactregistry.googleapis.com x-goog-quota-user=projects/messageai-59479
[debug] [2025-10-21T01:21:03.157Z] <<< [apiv2][status] GET https://serviceusage.googleapis.com/v1/projects/messageai-59479/services/artifactregistry.googleapis.com 200
[debug] [2025-10-21T01:21:03.157Z] <<< [apiv2][body] GET https://serviceusage.googleapis.com/v1/projects/messageai-59479/services/artifactregistry.googleapis.com [omitted]
[warn] ⚠  artifactregistry: missing required API artifactregistry.googleapis.com. Enabling now... 
[debug] [2025-10-21T01:21:03.158Z] Checked if tokens are valid: true, expires at: 1761010985439
[debug] [2025-10-21T01:21:03.158Z] Checked if tokens are valid: true, expires at: 1761010985439
[debug] [2025-10-21T01:21:03.158Z] >>> [apiv2][query] POST https://serviceusage.googleapis.com/v1/projects/messageai-59479/services/artifactregistry.googleapis.com:enable [none]
[debug] [2025-10-21T01:21:03.158Z] >>> [apiv2][(partial)header] POST https://serviceusage.googleapis.com/v1/projects/messageai-59479/services/artifactregistry.googleapis.com:enable x-goog-quota-user=projects/messageai-59479
[debug] [2025-10-21T01:21:03.191Z] <<< [apiv2][status] GET https://serviceusage.googleapis.com/v1/projects/messageai-59479/services/cloudbuild.googleapis.com 200
[debug] [2025-10-21T01:21:03.191Z] <<< [apiv2][body] GET https://serviceusage.googleapis.com/v1/projects/messageai-59479/services/cloudbuild.googleapis.com [omitted]
[warn] ⚠  functions: missing required API cloudbuild.googleapis.com. Enabling now... 
[debug] [2025-10-21T01:21:03.191Z] Checked if tokens are valid: true, expires at: 1761010985439
[debug] [2025-10-21T01:21:03.191Z] Checked if tokens are valid: true, expires at: 1761010985439
[debug] [2025-10-21T01:21:03.191Z] >>> [apiv2][query] POST https://serviceusage.googleapis.com/v1/projects/messageai-59479/services/cloudbuild.googleapis.com:enable [none]
[debug] [2025-10-21T01:21:03.191Z] >>> [apiv2][(partial)header] POST https://serviceusage.googleapis.com/v1/projects/messageai-59479/services/cloudbuild.googleapis.com:enable x-goog-quota-user=projects/messageai-59479
[debug] [2025-10-21T01:21:03.444Z] <<< [apiv2][status] POST https://serviceusage.googleapis.com/v1/projects/messageai-59479/services/artifactregistry.googleapis.com:enable 200
[debug] [2025-10-21T01:21:03.444Z] <<< [apiv2][body] POST https://serviceusage.googleapis.com/v1/projects/messageai-59479/services/artifactregistry.googleapis.com:enable [omitted]
[debug] [2025-10-21T01:21:03.483Z] <<< [apiv2][status] POST https://serviceusage.googleapis.com/v1/projects/messageai-59479/services/cloudbuild.googleapis.com:enable 200
[debug] [2025-10-21T01:21:03.483Z] <<< [apiv2][body] POST https://serviceusage.googleapis.com/v1/projects/messageai-59479/services/cloudbuild.googleapis.com:enable [omitted]
[debug] [2025-10-21T01:21:13.493Z] Checked if tokens are valid: true, expires at: 1761010985439
[debug] [2025-10-21T01:21:13.494Z] Checked if tokens are valid: true, expires at: 1761010985439
[debug] [2025-10-21T01:21:13.494Z] >>> [apiv2][query] GET https://firebase.googleapis.com/v1beta1/projects/messageai-59479/adminSdkConfig [none]
[debug] [2025-10-21T01:21:13.827Z] <<< [apiv2][status] GET https://firebase.googleapis.com/v1beta1/projects/messageai-59479/adminSdkConfig 200
[debug] [2025-10-21T01:21:13.827Z] <<< [apiv2][body] GET https://firebase.googleapis.com/v1beta1/projects/messageai-59479/adminSdkConfig {"projectId":"messageai-59479","databaseURL":"https://messageai-59479-default-rtdb.firebaseio.com","storageBucket":"messageai-59479.firebasestorage.app"}
[debug] [2025-10-21T01:21:13.828Z] Checked if tokens are valid: true, expires at: 1761010985439
[debug] [2025-10-21T01:21:13.828Z] Checked if tokens are valid: true, expires at: 1761010985439
[debug] [2025-10-21T01:21:13.828Z] >>> [apiv2][query] GET https://runtimeconfig.googleapis.com/v1beta1/projects/messageai-59479/configs [none]
[debug] [2025-10-21T01:21:14.028Z] <<< [apiv2][status] GET https://runtimeconfig.googleapis.com/v1beta1/projects/messageai-59479/configs 200
[debug] [2025-10-21T01:21:14.029Z] <<< [apiv2][body] GET https://runtimeconfig.googleapis.com/v1beta1/projects/messageai-59479/configs {}
[debug] [2025-10-21T01:21:14.029Z] Validating nodejs source
[warn] ⚠  functions: package.json indicates an outdated version of firebase-functions. Please upgrade using npm install --save firebase-functions@latest in your functions directory. 
[debug] [2025-10-21T01:21:14.485Z] > [functions] package.json contents: {
  "name": "functions",
  "scripts": {
    "lint": "eslint .",
    "build": "tsc",
    "build:watch": "tsc --watch",
    "serve": "npm run build && firebase emulators:start --only functions",
    "shell": "npm run build && firebase functions:shell",
    "start": "npm run shell",
    "deploy": "firebase deploy --only functions",
    "logs": "firebase functions:log"
  },
  "engines": {
    "node": "22"
  },
  "main": "lib/index.js",
  "dependencies": {
    "firebase-admin": "^12.6.0",
    "firebase-functions": "^6.0.1"
  },
  "devDependencies": {
    "@typescript-eslint/eslint-plugin": "^5.12.0",
    "@typescript-eslint/parser": "^5.12.0",
    "eslint": "^8.9.0",
    "eslint-config-google": "^0.14.0",
    "eslint-plugin-import": "^2.25.4",
    "firebase-functions-test": "^3.1.0",
    "typescript": "^5.7.3"
  },
  "private": true
}
[debug] [2025-10-21T01:21:14.485Z] Building nodejs source
[info] i  functions: Loading and analyzing source code for codebase default to determine what to deploy 
[debug] [2025-10-21T01:21:14.486Z] Could not find functions.yaml. Must use http discovery
[debug] [2025-10-21T01:21:14.491Z] Found firebase-functions binary at '/Users/tyler/Desktop/Gauntlet/MessageAI/functions/node_modules/.bin/firebase-functions'
[info] Serving at port 8248

[debug] [2025-10-21T01:21:14.961Z] Got response from /__/functions.yaml {"endpoints":{"onMessageCreated":{"availableMemoryMb":null,"timeoutSeconds":null,"minInstances":null,"maxInstances":null,"ingressSettings":null,"concurrency":null,"serviceAccountEmail":null,"vpc":null,"platform":"gcfv2","labels":{},"eventTrigger":{"eventType":"google.cloud.firestore.document.v1.created","eventFilters":{"database":"(default)","namespace":"(default)"},"eventFilterPathPatterns":{"document":"messages/{messageId}"},"retry":false},"entryPoint":"onMessageCreated"}},"specVersion":"v1alpha1","requiredAPIs":[],"extensions":{}}
[info] i  extensions: ensuring required API firebaseextensions.googleapis.com is enabled... 
[debug] [2025-10-21T01:21:18.983Z] Checked if tokens are valid: true, expires at: 1761010985439
[debug] [2025-10-21T01:21:18.983Z] Checked if tokens are valid: true, expires at: 1761010985439
[debug] [2025-10-21T01:21:18.983Z] >>> [apiv2][query] GET https://serviceusage.googleapis.com/v1/projects/messageai-59479/services/firebaseextensions.googleapis.com [none]
[debug] [2025-10-21T01:21:18.983Z] >>> [apiv2][(partial)header] GET https://serviceusage.googleapis.com/v1/projects/messageai-59479/services/firebaseextensions.googleapis.com x-goog-quota-user=projects/messageai-59479
[debug] [2025-10-21T01:21:19.228Z] <<< [apiv2][status] GET https://serviceusage.googleapis.com/v1/projects/messageai-59479/services/firebaseextensions.googleapis.com 200
[debug] [2025-10-21T01:21:19.228Z] <<< [apiv2][body] GET https://serviceusage.googleapis.com/v1/projects/messageai-59479/services/firebaseextensions.googleapis.com [omitted]
[warn] ⚠  extensions: missing required API firebaseextensions.googleapis.com. Enabling now... 
[debug] [2025-10-21T01:21:19.228Z] Checked if tokens are valid: true, expires at: 1761010985439
[debug] [2025-10-21T01:21:19.228Z] Checked if tokens are valid: true, expires at: 1761010985439
[debug] [2025-10-21T01:21:19.228Z] >>> [apiv2][query] POST https://serviceusage.googleapis.com/v1/projects/messageai-59479/services/firebaseextensions.googleapis.com:enable [none]
[debug] [2025-10-21T01:21:19.228Z] >>> [apiv2][(partial)header] POST https://serviceusage.googleapis.com/v1/projects/messageai-59479/services/firebaseextensions.googleapis.com:enable x-goog-quota-user=projects/messageai-59479
[debug] [2025-10-21T01:21:19.521Z] <<< [apiv2][status] POST https://serviceusage.googleapis.com/v1/projects/messageai-59479/services/firebaseextensions.googleapis.com:enable 200
[debug] [2025-10-21T01:21:19.521Z] <<< [apiv2][body] POST https://serviceusage.googleapis.com/v1/projects/messageai-59479/services/firebaseextensions.googleapis.com:enable [omitted]
[debug] [2025-10-21T01:21:29.536Z] > command requires scopes: ["email","openid","https://www.googleapis.com/auth/cloudplatformprojects.readonly","https://www.googleapis.com/auth/firebase","https://www.googleapis.com/auth/cloud-platform"]
[debug] [2025-10-21T01:21:29.537Z] > authorizing via signed-in user (tylerpohn@gmail.com)
[debug] [2025-10-21T01:21:29.537Z] [iam] checking project messageai-59479 for permissions ["firebase.projects.get","firebaseextensions.instances.list"]
[debug] [2025-10-21T01:21:29.537Z] Checked if tokens are valid: true, expires at: 1761010985439
[debug] [2025-10-21T01:21:29.537Z] Checked if tokens are valid: true, expires at: 1761010985439
[debug] [2025-10-21T01:21:29.537Z] >>> [apiv2][query] POST https://cloudresourcemanager.googleapis.com/v1/projects/messageai-59479:testIamPermissions [none]
[debug] [2025-10-21T01:21:29.537Z] >>> [apiv2][(partial)header] POST https://cloudresourcemanager.googleapis.com/v1/projects/messageai-59479:testIamPermissions x-goog-quota-user=projects/messageai-59479
[debug] [2025-10-21T01:21:29.537Z] >>> [apiv2][body] POST https://cloudresourcemanager.googleapis.com/v1/projects/messageai-59479:testIamPermissions {"permissions":["firebase.projects.get","firebaseextensions.instances.list"]}
[debug] [2025-10-21T01:21:29.716Z] <<< [apiv2][status] POST https://cloudresourcemanager.googleapis.com/v1/projects/messageai-59479:testIamPermissions 200
[debug] [2025-10-21T01:21:29.716Z] <<< [apiv2][body] POST https://cloudresourcemanager.googleapis.com/v1/projects/messageai-59479:testIamPermissions {"permissions":["firebase.projects.get","firebaseextensions.instances.list"]}
[debug] [2025-10-21T01:21:29.717Z] Checked if tokens are valid: true, expires at: 1761010985439
[debug] [2025-10-21T01:21:29.717Z] Checked if tokens are valid: true, expires at: 1761010985439
[debug] [2025-10-21T01:21:29.717Z] >>> [apiv2][query] GET https://firebaseextensions.googleapis.com/v1beta/projects/messageai-59479/instances pageSize=100&pageToken=
[debug] [2025-10-21T01:21:30.786Z] <<< [apiv2][status] GET https://firebaseextensions.googleapis.com/v1beta/projects/messageai-59479/instances 200
[debug] [2025-10-21T01:21:30.786Z] <<< [apiv2][body] GET https://firebaseextensions.googleapis.com/v1beta/projects/messageai-59479/instances {}
[info] i  functions: preparing functions directory for uploading... 
[info] i  functions: packaged /Users/tyler/Desktop/Gauntlet/MessageAI/functions (102.31 KB) for uploading 
[debug] [2025-10-21T01:21:30.821Z] Checked if tokens are valid: true, expires at: 1761010985439
[debug] [2025-10-21T01:21:30.821Z] Checked if tokens are valid: true, expires at: 1761010985439
[debug] [2025-10-21T01:21:30.821Z] >>> [apiv2][query] GET https://cloudfunctions.googleapis.com/v1/projects/messageai-59479/locations/-/functions [none]
[debug] [2025-10-21T01:21:31.405Z] <<< [apiv2][status] GET https://cloudfunctions.googleapis.com/v1/projects/messageai-59479/locations/-/functions 200
[debug] [2025-10-21T01:21:31.405Z] <<< [apiv2][body] GET https://cloudfunctions.googleapis.com/v1/projects/messageai-59479/locations/-/functions {}
[debug] [2025-10-21T01:21:31.406Z] Checked if tokens are valid: true, expires at: 1761010985439
[debug] [2025-10-21T01:21:31.406Z] Checked if tokens are valid: true, expires at: 1761010985439
[debug] [2025-10-21T01:21:31.406Z] >>> [apiv2][query] GET https://cloudfunctions.googleapis.com/v2/projects/messageai-59479/locations/-/functions filter=environment%3D%22GEN_2%22
[debug] [2025-10-21T01:21:31.779Z] <<< [apiv2][status] GET https://cloudfunctions.googleapis.com/v2/projects/messageai-59479/locations/-/functions 200
[debug] [2025-10-21T01:21:31.779Z] <<< [apiv2][body] GET https://cloudfunctions.googleapis.com/v2/projects/messageai-59479/locations/-/functions {}
[debug] [2025-10-21T01:21:31.780Z] Checked if tokens are valid: true, expires at: 1761010985439
[debug] [2025-10-21T01:21:31.781Z] Checked if tokens are valid: true, expires at: 1761010985439
[debug] [2025-10-21T01:21:31.781Z] >>> [apiv2][query] GET https://firestore.googleapis.com/v1/projects/messageai-59479/databases/(default) [none]
[debug] [2025-10-21T01:21:32.071Z] <<< [apiv2][status] GET https://firestore.googleapis.com/v1/projects/messageai-59479/databases/(default) 200
[debug] [2025-10-21T01:21:32.071Z] <<< [apiv2][body] GET https://firestore.googleapis.com/v1/projects/messageai-59479/databases/(default) {"name":"projects/messageai-59479/databases/(default)","uid":"4a79457c-9c9b-409c-a647-ac39d1242acd","createTime":"2025-10-20T17:37:32.249560Z","updateTime":"2025-10-20T17:37:32.249560Z","locationId":"nam5","type":"FIRESTORE_NATIVE","concurrencyMode":"PESSIMISTIC","versionRetentionPeriod":"3600s","earliestVersionTime":"2025-10-21T00:21:32.070126Z","appEngineIntegrationMode":"DISABLED","keyPrefix":"s","pointInTimeRecoveryEnablement":"POINT_IN_TIME_RECOVERY_DISABLED","deleteProtectionState":"DELETE_PROTECTION_DISABLED","databaseEdition":"STANDARD","freeTier":true,"realtimeUpdatesMode":"REALTIME_UPDATES_MODE_ENABLED","etag":"IKSckamQtJADMNGvkqWus5AD"}
[info] i  functions: ensuring required API run.googleapis.com is enabled... 
[debug] [2025-10-21T01:21:32.073Z] Checked if tokens are valid: true, expires at: 1761010985439
[debug] [2025-10-21T01:21:32.073Z] Checked if tokens are valid: true, expires at: 1761010985439
[info] i  functions: ensuring required API eventarc.googleapis.com is enabled... 
[debug] [2025-10-21T01:21:32.073Z] Checked if tokens are valid: true, expires at: 1761010985439
[debug] [2025-10-21T01:21:32.073Z] Checked if tokens are valid: true, expires at: 1761010985439
[info] i  functions: ensuring required API pubsub.googleapis.com is enabled... 
[debug] [2025-10-21T01:21:32.073Z] Checked if tokens are valid: true, expires at: 1761010985439
[debug] [2025-10-21T01:21:32.073Z] Checked if tokens are valid: true, expires at: 1761010985439
[info] i  functions: ensuring required API storage.googleapis.com is enabled... 
[debug] [2025-10-21T01:21:32.073Z] Checked if tokens are valid: true, expires at: 1761010985439
[debug] [2025-10-21T01:21:32.074Z] Checked if tokens are valid: true, expires at: 1761010985439
[debug] [2025-10-21T01:21:32.074Z] >>> [apiv2][query] GET https://serviceusage.googleapis.com/v1/projects/212739250857/services/run.googleapis.com [none]
[debug] [2025-10-21T01:21:32.074Z] >>> [apiv2][(partial)header] GET https://serviceusage.googleapis.com/v1/projects/212739250857/services/run.googleapis.com x-goog-quota-user=projects/212739250857
[debug] [2025-10-21T01:21:32.076Z] >>> [apiv2][query] GET https://serviceusage.googleapis.com/v1/projects/212739250857/services/eventarc.googleapis.com [none]
[debug] [2025-10-21T01:21:32.076Z] >>> [apiv2][(partial)header] GET https://serviceusage.googleapis.com/v1/projects/212739250857/services/eventarc.googleapis.com x-goog-quota-user=projects/212739250857
[debug] [2025-10-21T01:21:32.077Z] >>> [apiv2][query] GET https://serviceusage.googleapis.com/v1/projects/212739250857/services/pubsub.googleapis.com [none]
[debug] [2025-10-21T01:21:32.077Z] >>> [apiv2][(partial)header] GET https://serviceusage.googleapis.com/v1/projects/212739250857/services/pubsub.googleapis.com x-goog-quota-user=projects/212739250857
[debug] [2025-10-21T01:21:32.079Z] >>> [apiv2][query] GET https://serviceusage.googleapis.com/v1/projects/212739250857/services/storage.googleapis.com [none]
[debug] [2025-10-21T01:21:32.079Z] >>> [apiv2][(partial)header] GET https://serviceusage.googleapis.com/v1/projects/212739250857/services/storage.googleapis.com x-goog-quota-user=projects/212739250857
[debug] [2025-10-21T01:21:32.298Z] <<< [apiv2][status] GET https://serviceusage.googleapis.com/v1/projects/212739250857/services/pubsub.googleapis.com 200
[debug] [2025-10-21T01:21:32.298Z] <<< [apiv2][body] GET https://serviceusage.googleapis.com/v1/projects/212739250857/services/pubsub.googleapis.com [omitted]
[info] ✔  functions: required API pubsub.googleapis.com is enabled 
[debug] [2025-10-21T01:21:32.309Z] <<< [apiv2][status] GET https://serviceusage.googleapis.com/v1/projects/212739250857/services/eventarc.googleapis.com 200
[debug] [2025-10-21T01:21:32.309Z] <<< [apiv2][body] GET https://serviceusage.googleapis.com/v1/projects/212739250857/services/eventarc.googleapis.com [omitted]
[warn] ⚠  functions: missing required API eventarc.googleapis.com. Enabling now... 
[debug] [2025-10-21T01:21:32.309Z] Checked if tokens are valid: true, expires at: 1761010985439
[debug] [2025-10-21T01:21:32.309Z] Checked if tokens are valid: true, expires at: 1761010985439
[debug] [2025-10-21T01:21:32.310Z] >>> [apiv2][query] POST https://serviceusage.googleapis.com/v1/projects/212739250857/services/eventarc.googleapis.com:enable [none]
[debug] [2025-10-21T01:21:32.310Z] >>> [apiv2][(partial)header] POST https://serviceusage.googleapis.com/v1/projects/212739250857/services/eventarc.googleapis.com:enable x-goog-quota-user=projects/212739250857
[debug] [2025-10-21T01:21:32.310Z] <<< [apiv2][status] GET https://serviceusage.googleapis.com/v1/projects/212739250857/services/run.googleapis.com 200
[debug] [2025-10-21T01:21:32.311Z] <<< [apiv2][body] GET https://serviceusage.googleapis.com/v1/projects/212739250857/services/run.googleapis.com [omitted]
[warn] ⚠  functions: missing required API run.googleapis.com. Enabling now... 
[debug] [2025-10-21T01:21:32.311Z] Checked if tokens are valid: true, expires at: 1761010985439
[debug] [2025-10-21T01:21:32.311Z] Checked if tokens are valid: true, expires at: 1761010985439
[debug] [2025-10-21T01:21:32.311Z] >>> [apiv2][query] POST https://serviceusage.googleapis.com/v1/projects/212739250857/services/run.googleapis.com:enable [none]
[debug] [2025-10-21T01:21:32.311Z] >>> [apiv2][(partial)header] POST https://serviceusage.googleapis.com/v1/projects/212739250857/services/run.googleapis.com:enable x-goog-quota-user=projects/212739250857
[debug] [2025-10-21T01:21:32.334Z] <<< [apiv2][status] GET https://serviceusage.googleapis.com/v1/projects/212739250857/services/storage.googleapis.com 200
[debug] [2025-10-21T01:21:32.334Z] <<< [apiv2][body] GET https://serviceusage.googleapis.com/v1/projects/212739250857/services/storage.googleapis.com [omitted]
[info] ✔  functions: required API storage.googleapis.com is enabled 
[debug] [2025-10-21T01:21:32.537Z] <<< [apiv2][status] POST https://serviceusage.googleapis.com/v1/projects/212739250857/services/eventarc.googleapis.com:enable 200
[debug] [2025-10-21T01:21:32.537Z] <<< [apiv2][body] POST https://serviceusage.googleapis.com/v1/projects/212739250857/services/eventarc.googleapis.com:enable [omitted]
[debug] [2025-10-21T01:21:32.578Z] <<< [apiv2][status] POST https://serviceusage.googleapis.com/v1/projects/212739250857/services/run.googleapis.com:enable 200
[debug] [2025-10-21T01:21:32.578Z] <<< [apiv2][body] POST https://serviceusage.googleapis.com/v1/projects/212739250857/services/run.googleapis.com:enable [omitted]
[info] i  functions: generating the service identity for pubsub.googleapis.com... 
[debug] [2025-10-21T01:21:42.589Z] Checked if tokens are valid: true, expires at: 1761010985439
[debug] [2025-10-21T01:21:42.589Z] Checked if tokens are valid: true, expires at: 1761010985439
[info] i  functions: generating the service identity for eventarc.googleapis.com... 
[debug] [2025-10-21T01:21:42.589Z] Checked if tokens are valid: true, expires at: 1761010985439
[debug] [2025-10-21T01:21:42.589Z] Checked if tokens are valid: true, expires at: 1761010985439
[debug] [2025-10-21T01:21:42.589Z] >>> [apiv2][query] POST https://serviceusage.googleapis.com/v1beta1/projects/212739250857/services/pubsub.googleapis.com:generateServiceIdentity [none]
[debug] [2025-10-21T01:21:42.589Z] >>> [apiv2][(partial)header] POST https://serviceusage.googleapis.com/v1beta1/projects/212739250857/services/pubsub.googleapis.com:generateServiceIdentity x-goog-quota-user=projects/212739250857
[debug] [2025-10-21T01:21:42.589Z] >>> [apiv2][body] POST https://serviceusage.googleapis.com/v1beta1/projects/212739250857/services/pubsub.googleapis.com:generateServiceIdentity {}
[debug] [2025-10-21T01:21:42.590Z] >>> [apiv2][query] POST https://serviceusage.googleapis.com/v1beta1/projects/212739250857/services/eventarc.googleapis.com:generateServiceIdentity [none]
[debug] [2025-10-21T01:21:42.590Z] >>> [apiv2][(partial)header] POST https://serviceusage.googleapis.com/v1beta1/projects/212739250857/services/eventarc.googleapis.com:generateServiceIdentity x-goog-quota-user=projects/212739250857
[debug] [2025-10-21T01:21:42.590Z] >>> [apiv2][body] POST https://serviceusage.googleapis.com/v1beta1/projects/212739250857/services/eventarc.googleapis.com:generateServiceIdentity {}
[debug] [2025-10-21T01:21:43.186Z] <<< [apiv2][status] POST https://serviceusage.googleapis.com/v1beta1/projects/212739250857/services/eventarc.googleapis.com:generateServiceIdentity 200
[debug] [2025-10-21T01:21:43.186Z] <<< [apiv2][body] POST https://serviceusage.googleapis.com/v1beta1/projects/212739250857/services/eventarc.googleapis.com:generateServiceIdentity {"name":"operations/finished.DONE_OPERATION","done":true,"response":{"@type":"type.googleapis.com/google.api.serviceusage.v1beta1.ServiceIdentity","email":"service-212739250857@gcp-sa-eventarc.iam.gserviceaccount.com","uniqueId":"114111278217877679226"}}
[debug] [2025-10-21T01:21:43.372Z] <<< [apiv2][status] POST https://serviceusage.googleapis.com/v1beta1/projects/212739250857/services/pubsub.googleapis.com:generateServiceIdentity 200
[debug] [2025-10-21T01:21:43.372Z] <<< [apiv2][body] POST https://serviceusage.googleapis.com/v1beta1/projects/212739250857/services/pubsub.googleapis.com:generateServiceIdentity {"name":"operations/finished.DONE_OPERATION","done":true,"response":{"@type":"type.googleapis.com/google.api.serviceusage.v1beta1.ServiceIdentity","email":"service-212739250857@gcp-sa-pubsub.iam.gserviceaccount.com","uniqueId":"102063604423120013502"}}
[debug] [2025-10-21T01:21:43.374Z] Checked if tokens are valid: true, expires at: 1761010985439
[debug] [2025-10-21T01:21:43.374Z] Checked if tokens are valid: true, expires at: 1761010985439
[debug] [2025-10-21T01:21:43.374Z] >>> [apiv2][query] GET https://compute.googleapis.com/compute/v1/projects/212739250857 [none]
[debug] [2025-10-21T01:21:43.512Z] <<< [apiv2][status] GET https://compute.googleapis.com/compute/v1/projects/212739250857 403
[debug] [2025-10-21T01:21:43.512Z] <<< [apiv2][body] GET https://compute.googleapis.com/compute/v1/projects/212739250857 {"error":{"code":403,"message":"Compute Engine API has not been used in project 212739250857 before or it is disabled. Enable it by visiting https://console.developers.google.com/apis/api/compute.googleapis.com/overview?project=212739250857 then retry. If you enabled this API recently, wait a few minutes for the action to propagate to our systems and retry.","errors":[{"message":"Compute Engine API has not been used in project 212739250857 before or it is disabled. Enable it by visiting https://console.developers.google.com/apis/api/compute.googleapis.com/overview?project=212739250857 then retry. If you enabled this API recently, wait a few minutes for the action to propagate to our systems and retry.","domain":"usageLimits","reason":"accessNotConfigured","extendedHelp":"https://console.developers.google.com"}],"status":"PERMISSION_DENIED","details":[{"@type":"type.googleapis.com/google.rpc.ErrorInfo","reason":"SERVICE_DISABLED","domain":"googleapis.com","metadata":{"containerInfo":"212739250857","consumer":"projects/212739250857","activationUrl":"https://console.developers.google.com/apis/api/compute.googleapis.com/overview?project=212739250857","serviceTitle":"Compute Engine API","service":"compute.googleapis.com"}},{"@type":"type.googleapis.com/google.rpc.LocalizedMessage","locale":"en-US","message":"Compute Engine API has not been used in project 212739250857 before or it is disabled. Enable it by visiting https://console.developers.google.com/apis/api/compute.googleapis.com/overview?project=212739250857 then retry. If you enabled this API recently, wait a few minutes for the action to propagate to our systems and retry."},{"@type":"type.googleapis.com/google.rpc.Help","links":[{"description":"Google developers console API activation","url":"https://console.developers.google.com/apis/api/compute.googleapis.com/overview?project=212739250857"}]}]}}
[debug] [2025-10-21T01:21:43.512Z] unable to look up default compute service account. Falling back to 212739250857-compute@developer.gserviceaccount.com. Error: {"name":"FirebaseError","children":[],"context":{"body":{"error":{"code":403,"message":"Compute Engine API has not been used in project 212739250857 before or it is disabled. Enable it by visiting https://console.developers.google.com/apis/api/compute.googleapis.com/overview?project=212739250857 then retry. If you enabled this API recently, wait a few minutes for the action to propagate to our systems and retry.","errors":[{"message":"Compute Engine API has not been used in project 212739250857 before or it is disabled. Enable it by visiting https://console.developers.google.com/apis/api/compute.googleapis.com/overview?project=212739250857 then retry. If you enabled this API recently, wait a few minutes for the action to propagate to our systems and retry.","domain":"usageLimits","reason":"accessNotConfigured","extendedHelp":"https://console.developers.google.com"}],"status":"PERMISSION_DENIED","details":[{"@type":"type.googleapis.com/google.rpc.ErrorInfo","reason":"SERVICE_DISABLED","domain":"googleapis.com","metadata":{"containerInfo":"212739250857","consumer":"projects/212739250857","activationUrl":"https://console.developers.google.com/apis/api/compute.googleapis.com/overview?project=212739250857","serviceTitle":"Compute Engine API","service":"compute.googleapis.com"}},{"@type":"type.googleapis.com/google.rpc.LocalizedMessage","locale":"en-US","message":"Compute Engine API has not been used in project 212739250857 before or it is disabled. Enable it by visiting https://console.developers.google.com/apis/api/compute.googleapis.com/overview?project=212739250857 then retry. If you enabled this API recently, wait a few minutes for the action to propagate to our systems and retry."},{"@type":"type.googleapis.com/google.rpc.Help","links":[{"description":"Google developers console API activation","url":"https://console.developers.google.com/apis/api/compute.googleapis.com/overview?project=212739250857"}]}]}},"response":{"statusCode":403}},"exit":1,"message":"Request to https://compute.googleapis.com/compute/v1/projects/212739250857 had HTTP Error: 403, Compute Engine API has not been used in project 212739250857 before or it is disabled. Enable it by visiting https://console.developers.google.com/apis/api/compute.googleapis.com/overview?project=212739250857 then retry. If you enabled this API recently, wait a few minutes for the action to propagate to our systems and retry.","status":403}
[debug] [2025-10-21T01:21:43.513Z] Checked if tokens are valid: true, expires at: 1761010985439
[debug] [2025-10-21T01:21:43.513Z] Checked if tokens are valid: true, expires at: 1761010985439
[debug] [2025-10-21T01:21:43.513Z] >>> [apiv2][query] POST https://cloudresourcemanager.googleapis.com/v1/projects/212739250857:getIamPolicy [none]
[debug] [2025-10-21T01:21:43.720Z] <<< [apiv2][status] POST https://cloudresourcemanager.googleapis.com/v1/projects/212739250857:getIamPolicy 200
[debug] [2025-10-21T01:21:43.720Z] <<< [apiv2][body] POST https://cloudresourcemanager.googleapis.com/v1/projects/212739250857:getIamPolicy {"version":1,"etag":"BwZBoQVKOpU=","bindings":[{"role":"roles/cloudbuild.builds.builder","members":["serviceAccount:212739250857@cloudbuild.gserviceaccount.com"]},{"role":"roles/cloudbuild.serviceAgent","members":["serviceAccount:service-212739250857@gcp-sa-cloudbuild.iam.gserviceaccount.com"]},{"role":"roles/cloudfunctions.serviceAgent","members":["serviceAccount:service-212739250857@gcf-admin-robot.iam.gserviceaccount.com"]},{"role":"roles/containerregistry.ServiceAgent","members":["serviceAccount:service-212739250857@containerregistry.iam.gserviceaccount.com"]},{"role":"roles/editor","members":["serviceAccount:212739250857@cloudservices.gserviceaccount.com","serviceAccount:messageai-59479@appspot.gserviceaccount.com","serviceAccount:212739250857-compute@developer.gserviceaccount.com"]},{"role":"roles/firebase.managementServiceAgent","members":["serviceAccount:service-212739250857@gcp-sa-firebase.iam.gserviceaccount.com"]},{"role":"roles/firebase.sdkAdminServiceAgent","members":["serviceAccount:firebase-adminsdk-fbsvc@messageai-59479.iam.gserviceaccount.com"]},{"role":"roles/firebaseauth.admin","members":["serviceAccount:firebase-adminsdk-fbsvc@messageai-59479.iam.gserviceaccount.com"]},{"role":"roles/firebasedatabase.admin","members":["serviceAccount:firebase-adminsdk-fbsvc@messageai-59479.iam.gserviceaccount.com"]},{"role":"roles/firebasemods.serviceAgent","members":["serviceAccount:service-212739250857@gcp-sa-firebasemods.iam.gserviceaccount.com"]},{"role":"roles/firebaserules.system","members":["serviceAccount:service-212739250857@firebase-rules.iam.gserviceaccount.com"]},{"role":"roles/firebasestorage.serviceAgent","members":["serviceAccount:service-212739250857@gcp-sa-firebasestorage.iam.gserviceaccount.com"]},{"role":"roles/firestore.serviceAgent","members":["serviceAccount:service-212739250857@gcp-sa-firestore.iam.gserviceaccount.com"]},{"role":"roles/iam.serviceAccountTokenCreator","members":["serviceAccount:firebase-adminsdk-fbsvc@messageai-59479.iam.gserviceaccount.com"]},{"role":"roles/owner","members":["user:tylerpohn@gmail.com"]},{"role":"roles/run.serviceAgent","members":["serviceAccount:service-212739250857@serverless-robot-prod.iam.gserviceaccount.com"]},{"role":"roles/storage.admin","members":["serviceAccount:firebase-adminsdk-fbsvc@messageai-59479.iam.gserviceaccount.com"]}]}
[debug] [2025-10-21T01:21:43.721Z] Checked if tokens are valid: true, expires at: 1761010985439
[debug] [2025-10-21T01:21:43.721Z] Checked if tokens are valid: true, expires at: 1761010985439
[debug] [2025-10-21T01:21:43.721Z] >>> [apiv2][query] POST https://cloudresourcemanager.googleapis.com/v1/projects/212739250857:setIamPolicy [none]
[debug] [2025-10-21T01:21:43.721Z] >>> [apiv2][body] POST https://cloudresourcemanager.googleapis.com/v1/projects/212739250857:setIamPolicy {"policy":{"version":1,"etag":"BwZBoQVKOpU=","bindings":[{"role":"roles/cloudbuild.builds.builder","members":["serviceAccount:212739250857@cloudbuild.gserviceaccount.com"]},{"role":"roles/cloudbuild.serviceAgent","members":["serviceAccount:service-212739250857@gcp-sa-cloudbuild.iam.gserviceaccount.com"]},{"role":"roles/cloudfunctions.serviceAgent","members":["serviceAccount:service-212739250857@gcf-admin-robot.iam.gserviceaccount.com"]},{"role":"roles/containerregistry.ServiceAgent","members":["serviceAccount:service-212739250857@containerregistry.iam.gserviceaccount.com"]},{"role":"roles/editor","members":["serviceAccount:212739250857@cloudservices.gserviceaccount.com","serviceAccount:messageai-59479@appspot.gserviceaccount.com","serviceAccount:212739250857-compute@developer.gserviceaccount.com"]},{"role":"roles/firebase.managementServiceAgent","members":["serviceAccount:service-212739250857@gcp-sa-firebase.iam.gserviceaccount.com"]},{"role":"roles/firebase.sdkAdminServiceAgent","members":["serviceAccount:firebase-adminsdk-fbsvc@messageai-59479.iam.gserviceaccount.com"]},{"role":"roles/firebaseauth.admin","members":["serviceAccount:firebase-adminsdk-fbsvc@messageai-59479.iam.gserviceaccount.com"]},{"role":"roles/firebasedatabase.admin","members":["serviceAccount:firebase-adminsdk-fbsvc@messageai-59479.iam.gserviceaccount.com"]},{"role":"roles/firebasemods.serviceAgent","members":["serviceAccount:service-212739250857@gcp-sa-firebasemods.iam.gserviceaccount.com"]},{"role":"roles/firebaserules.system","members":["serviceAccount:service-212739250857@firebase-rules.iam.gserviceaccount.com"]},{"role":"roles/firebasestorage.serviceAgent","members":["serviceAccount:service-212739250857@gcp-sa-firebasestorage.iam.gserviceaccount.com"]},{"role":"roles/firestore.serviceAgent","members":["serviceAccount:service-212739250857@gcp-sa-firestore.iam.gserviceaccount.com"]},{"role":"roles/iam.serviceAccountTokenCreator","members":["serviceAccount:firebase-adminsdk-fbsvc@messageai-59479.iam.gserviceaccount.com","serviceAccount:service-212739250857@gcp-sa-pubsub.iam.gserviceaccount.com"]},{"role":"roles/owner","members":["user:tylerpohn@gmail.com"]},{"role":"roles/run.serviceAgent","members":["serviceAccount:service-212739250857@serverless-robot-prod.iam.gserviceaccount.com"]},{"role":"roles/storage.admin","members":["serviceAccount:firebase-adminsdk-fbsvc@messageai-59479.iam.gserviceaccount.com"]},{"role":"roles/run.invoker","members":["serviceAccount:212739250857-compute@developer.gserviceaccount.com"]},{"role":"roles/eventarc.eventReceiver","members":["serviceAccount:212739250857-compute@developer.gserviceaccount.com"]}]},"updateMask":"bindings"}
[debug] [2025-10-21T01:21:44.264Z] <<< [apiv2][status] POST https://cloudresourcemanager.googleapis.com/v1/projects/212739250857:setIamPolicy 200
[debug] [2025-10-21T01:21:44.264Z] <<< [apiv2][body] POST https://cloudresourcemanager.googleapis.com/v1/projects/212739250857:setIamPolicy {"version":1,"etag":"BwZBoQXeE54=","bindings":[{"role":"roles/cloudbuild.builds.builder","members":["serviceAccount:212739250857@cloudbuild.gserviceaccount.com"]},{"role":"roles/cloudbuild.serviceAgent","members":["serviceAccount:service-212739250857@gcp-sa-cloudbuild.iam.gserviceaccount.com"]},{"role":"roles/cloudfunctions.serviceAgent","members":["serviceAccount:service-212739250857@gcf-admin-robot.iam.gserviceaccount.com"]},{"role":"roles/containerregistry.ServiceAgent","members":["serviceAccount:service-212739250857@containerregistry.iam.gserviceaccount.com"]},{"role":"roles/editor","members":["serviceAccount:212739250857-compute@developer.gserviceaccount.com","serviceAccount:212739250857@cloudservices.gserviceaccount.com","serviceAccount:messageai-59479@appspot.gserviceaccount.com"]},{"role":"roles/eventarc.eventReceiver","members":["serviceAccount:212739250857-compute@developer.gserviceaccount.com"]},{"role":"roles/firebase.managementServiceAgent","members":["serviceAccount:service-212739250857@gcp-sa-firebase.iam.gserviceaccount.com"]},{"role":"roles/firebase.sdkAdminServiceAgent","members":["serviceAccount:firebase-adminsdk-fbsvc@messageai-59479.iam.gserviceaccount.com"]},{"role":"roles/firebaseauth.admin","members":["serviceAccount:firebase-adminsdk-fbsvc@messageai-59479.iam.gserviceaccount.com"]},{"role":"roles/firebasedatabase.admin","members":["serviceAccount:firebase-adminsdk-fbsvc@messageai-59479.iam.gserviceaccount.com"]},{"role":"roles/firebasemods.serviceAgent","members":["serviceAccount:service-212739250857@gcp-sa-firebasemods.iam.gserviceaccount.com"]},{"role":"roles/firebaserules.system","members":["serviceAccount:service-212739250857@firebase-rules.iam.gserviceaccount.com"]},{"role":"roles/firebasestorage.serviceAgent","members":["serviceAccount:service-212739250857@gcp-sa-firebasestorage.iam.gserviceaccount.com"]},{"role":"roles/firestore.serviceAgent","members":["serviceAccount:service-212739250857@gcp-sa-firestore.iam.gserviceaccount.com"]},{"role":"roles/iam.serviceAccountTokenCreator","members":["serviceAccount:firebase-adminsdk-fbsvc@messageai-59479.iam.gserviceaccount.com","serviceAccount:service-212739250857@gcp-sa-pubsub.iam.gserviceaccount.com"]},{"role":"roles/owner","members":["user:tylerpohn@gmail.com"]},{"role":"roles/run.invoker","members":["serviceAccount:212739250857-compute@developer.gserviceaccount.com"]},{"role":"roles/run.serviceAgent","members":["serviceAccount:service-212739250857@serverless-robot-prod.iam.gserviceaccount.com"]},{"role":"roles/storage.admin","members":["serviceAccount:firebase-adminsdk-fbsvc@messageai-59479.iam.gserviceaccount.com"]}]}
[debug] [2025-10-21T01:21:44.264Z] Checked if tokens are valid: true, expires at: 1761010985439
[debug] [2025-10-21T01:21:44.265Z] Checked if tokens are valid: true, expires at: 1761010985439
[debug] [2025-10-21T01:21:44.265Z] >>> [apiv2][query] GET https://cloudresourcemanager.googleapis.com/v1/projects/messageai-59479 [none]
[debug] [2025-10-21T01:21:44.332Z] <<< [apiv2][status] GET https://cloudresourcemanager.googleapis.com/v1/projects/messageai-59479 200
[debug] [2025-10-21T01:21:44.332Z] <<< [apiv2][body] GET https://cloudresourcemanager.googleapis.com/v1/projects/messageai-59479 {"projectNumber":"212739250857","projectId":"messageai-59479","lifecycleState":"ACTIVE","name":"MessageAI","labels":{"firebase":"enabled","firebase-core":"disabled"},"createTime":"2025-10-20T17:35:56.131162Z"}
[debug] [2025-10-21T01:21:44.333Z] Checked if tokens are valid: true, expires at: 1761010985439
[debug] [2025-10-21T01:21:44.333Z] Checked if tokens are valid: true, expires at: 1761010985439
[debug] [2025-10-21T01:21:44.333Z] >>> [apiv2][query] GET https://compute.googleapis.com/compute/v1/projects/212739250857 [none]
[debug] [2025-10-21T01:21:44.397Z] <<< [apiv2][status] GET https://compute.googleapis.com/compute/v1/projects/212739250857 403
[debug] [2025-10-21T01:21:44.397Z] <<< [apiv2][body] GET https://compute.googleapis.com/compute/v1/projects/212739250857 {"error":{"code":403,"message":"Compute Engine API has not been used in project 212739250857 before or it is disabled. Enable it by visiting https://console.developers.google.com/apis/api/compute.googleapis.com/overview?project=212739250857 then retry. If you enabled this API recently, wait a few minutes for the action to propagate to our systems and retry.","errors":[{"message":"Compute Engine API has not been used in project 212739250857 before or it is disabled. Enable it by visiting https://console.developers.google.com/apis/api/compute.googleapis.com/overview?project=212739250857 then retry. If you enabled this API recently, wait a few minutes for the action to propagate to our systems and retry.","domain":"usageLimits","reason":"accessNotConfigured","extendedHelp":"https://console.developers.google.com"}],"status":"PERMISSION_DENIED","details":[{"@type":"type.googleapis.com/google.rpc.ErrorInfo","reason":"SERVICE_DISABLED","domain":"googleapis.com","metadata":{"service":"compute.googleapis.com","serviceTitle":"Compute Engine API","consumer":"projects/212739250857","activationUrl":"https://console.developers.google.com/apis/api/compute.googleapis.com/overview?project=212739250857","containerInfo":"212739250857"}},{"@type":"type.googleapis.com/google.rpc.LocalizedMessage","locale":"en-US","message":"Compute Engine API has not been used in project 212739250857 before or it is disabled. Enable it by visiting https://console.developers.google.com/apis/api/compute.googleapis.com/overview?project=212739250857 then retry. If you enabled this API recently, wait a few minutes for the action to propagate to our systems and retry."},{"@type":"type.googleapis.com/google.rpc.Help","links":[{"description":"Google developers console API activation","url":"https://console.developers.google.com/apis/api/compute.googleapis.com/overview?project=212739250857"}]}]}}
[debug] [2025-10-21T01:21:44.397Z] unable to look up default compute service account. Falling back to 212739250857-compute@developer.gserviceaccount.com. Error: {"name":"FirebaseError","children":[],"context":{"body":{"error":{"code":403,"message":"Compute Engine API has not been used in project 212739250857 before or it is disabled. Enable it by visiting https://console.developers.google.com/apis/api/compute.googleapis.com/overview?project=212739250857 then retry. If you enabled this API recently, wait a few minutes for the action to propagate to our systems and retry.","errors":[{"message":"Compute Engine API has not been used in project 212739250857 before or it is disabled. Enable it by visiting https://console.developers.google.com/apis/api/compute.googleapis.com/overview?project=212739250857 then retry. If you enabled this API recently, wait a few minutes for the action to propagate to our systems and retry.","domain":"usageLimits","reason":"accessNotConfigured","extendedHelp":"https://console.developers.google.com"}],"status":"PERMISSION_DENIED","details":[{"@type":"type.googleapis.com/google.rpc.ErrorInfo","reason":"SERVICE_DISABLED","domain":"googleapis.com","metadata":{"service":"compute.googleapis.com","serviceTitle":"Compute Engine API","consumer":"projects/212739250857","activationUrl":"https://console.developers.google.com/apis/api/compute.googleapis.com/overview?project=212739250857","containerInfo":"212739250857"}},{"@type":"type.googleapis.com/google.rpc.LocalizedMessage","locale":"en-US","message":"Compute Engine API has not been used in project 212739250857 before or it is disabled. Enable it by visiting https://console.developers.google.com/apis/api/compute.googleapis.com/overview?project=212739250857 then retry. If you enabled this API recently, wait a few minutes for the action to propagate to our systems and retry."},{"@type":"type.googleapis.com/google.rpc.Help","links":[{"description":"Google developers console API activation","url":"https://console.developers.google.com/apis/api/compute.googleapis.com/overview?project=212739250857"}]}]}},"response":{"statusCode":403}},"exit":1,"message":"Request to https://compute.googleapis.com/compute/v1/projects/212739250857 had HTTP Error: 403, Compute Engine API has not been used in project 212739250857 before or it is disabled. Enable it by visiting https://console.developers.google.com/apis/api/compute.googleapis.com/overview?project=212739250857 then retry. If you enabled this API recently, wait a few minutes for the action to propagate to our systems and retry.","status":403}
[debug] [2025-10-21T01:21:44.398Z] Checked if tokens are valid: true, expires at: 1761010985439
[debug] [2025-10-21T01:21:44.398Z] Checked if tokens are valid: true, expires at: 1761010985439
[debug] [2025-10-21T01:21:44.398Z] >>> [apiv2][query] GET https://cloudbilling.googleapis.com/v1/projects/messageai-59479/billingInfo [none]
[debug] [2025-10-21T01:21:44.591Z] <<< [apiv2][status] GET https://cloudbilling.googleapis.com/v1/projects/messageai-59479/billingInfo 200
[debug] [2025-10-21T01:21:44.591Z] <<< [apiv2][body] GET https://cloudbilling.googleapis.com/v1/projects/messageai-59479/billingInfo {"name":"projects/messageai-59479/billingInfo","projectId":"messageai-59479","billingAccountName":"billingAccounts/013BC9-A0C757-25F068","billingEnabled":true}
[debug] [2025-10-21T01:21:44.593Z] Checked if tokens are valid: true, expires at: 1761010985439
[debug] [2025-10-21T01:21:44.593Z] Checked if tokens are valid: true, expires at: 1761010985439
[debug] [2025-10-21T01:21:44.593Z] >>> [apiv2][query] POST https://cloudfunctions.googleapis.com/v2/projects/messageai-59479/locations/us-central1/functions:generateUploadUrl [none]
[debug] [2025-10-21T01:21:45.745Z] <<< [apiv2][status] POST https://cloudfunctions.googleapis.com/v2/projects/messageai-59479/locations/us-central1/functions:generateUploadUrl 200
[debug] [2025-10-21T01:21:45.746Z] <<< [apiv2][body] POST https://cloudfunctions.googleapis.com/v2/projects/messageai-59479/locations/us-central1/functions:generateUploadUrl {"uploadUrl":"https://storage.googleapis.com/gcf-v2-uploads-212739250857.us-central1.cloudfunctions.appspot.com/5ea37208-2f1e-4ac6-99a0-e64c92bc92bf.zip?GoogleAccessId=service-212739250857@gcf-admin-robot.iam.gserviceaccount.com&Expires=1761011505&Signature=qKVrPdKQQmQ%2F41Pq07VZ0m%2B8Jn%2FstOhglUzNWGVYRPcSHh%2FC6InyYzbSq4B5lnZlVi%2BCkNjsgHb0i%2FJpEXe50itYnmwZje2%2FLEZUVpYLHJisk%2FRk%2BpquKKnCX1x1dNHsc6o1kgdlv35KR9%2FWKG7mCZglg1bXM%2F%2FJ4HljSVnmGBvO56L1pUqLF8n%2FxkW7LzGAUqrNNYqZrj8Gq5FOFP4cgXstvvAtC8zDi07kZMROSef3RK3OTzKVk9yJwAVhJKInjlM7q7TMGF5tubAFpJ8Tvoi%2BeZmbwLtyH%2BUfhCnCEo%2BnE19lySdDpEVosknKCQORqDBJ1abAyXPa81eBHmxkLw%3D%3D","storageSource":{"bucket":"gcf-v2-uploads-212739250857.us-central1.cloudfunctions.appspot.com","object":"5ea37208-2f1e-4ac6-99a0-e64c92bc92bf.zip"}}
[debug] [2025-10-21T01:21:45.746Z] >>> [apiv2][query] PUT https://storage.googleapis.com/gcf-v2-uploads-212739250857.us-central1.cloudfunctions.appspot.com/5ea37208-2f1e-4ac6-99a0-e64c92bc92bf.zip GoogleAccessId=service-212739250857%40gcf-admin-robot.iam.gserviceaccount.com&Expires=1761011505&Signature=qKVrPdKQQmQ%2F41Pq07VZ0m%2B8Jn%2FstOhglUzNWGVYRPcSHh%2FC6InyYzbSq4B5lnZlVi%2BCkNjsgHb0i%2FJpEXe50itYnmwZje2%2FLEZUVpYLHJisk%2FRk%2BpquKKnCX1x1dNHsc6o1kgdlv35KR9%2FWKG7mCZglg1bXM%2F%2FJ4HljSVnmGBvO56L1pUqLF8n%2FxkW7LzGAUqrNNYqZrj8Gq5FOFP4cgXstvvAtC8zDi07kZMROSef3RK3OTzKVk9yJwAVhJKInjlM7q7TMGF5tubAFpJ8Tvoi%2BeZmbwLtyH%2BUfhCnCEo%2BnE19lySdDpEVosknKCQORqDBJ1abAyXPa81eBHmxkLw%3D%3D
[debug] [2025-10-21T01:21:45.746Z] >>> [apiv2][body] PUT https://storage.googleapis.com/gcf-v2-uploads-212739250857.us-central1.cloudfunctions.appspot.com/5ea37208-2f1e-4ac6-99a0-e64c92bc92bf.zip [stream]
[debug] [2025-10-21T01:21:45.992Z] <<< [apiv2][status] PUT https://storage.googleapis.com/gcf-v2-uploads-212739250857.us-central1.cloudfunctions.appspot.com/5ea37208-2f1e-4ac6-99a0-e64c92bc92bf.zip 200
[debug] [2025-10-21T01:21:45.992Z] <<< [apiv2][body] PUT https://storage.googleapis.com/gcf-v2-uploads-212739250857.us-central1.cloudfunctions.appspot.com/5ea37208-2f1e-4ac6-99a0-e64c92bc92bf.zip [omitted]
[info] ✔  functions: functions source uploaded successfully 
[info] i  functions: creating Node.js 22 (2nd Gen) function onMessageCreated(us-central1)... 
[debug] [2025-10-21T01:21:45.995Z] Checked if tokens are valid: true, expires at: 1761010985439
[debug] [2025-10-21T01:21:45.995Z] Checked if tokens are valid: true, expires at: 1761010985439
[debug] [2025-10-21T01:21:45.996Z] >>> [apiv2][query] POST https://cloudfunctions.googleapis.com/v2/projects/messageai-59479/locations/us-central1/functions functionId=onMessageCreated
[debug] [2025-10-21T01:21:45.996Z] >>> [apiv2][body] POST https://cloudfunctions.googleapis.com/v2/projects/messageai-59479/locations/us-central1/functions {"name":"projects/messageai-59479/locations/us-central1/functions/onMessageCreated","buildConfig":{"runtime":"nodejs22","entryPoint":"onMessageCreated","source":{"storageSource":{"bucket":"gcf-v2-uploads-212739250857.us-central1.cloudfunctions.appspot.com","object":"5ea37208-2f1e-4ac6-99a0-e64c92bc92bf.zip"}},"environmentVariables":{"GOOGLE_NODE_RUN_SCRIPTS":""}},"serviceConfig":{"environmentVariables":{"FIREBASE_CONFIG":"{\"projectId\":\"messageai-59479\",\"databaseURL\":\"https://messageai-59479-default-rtdb.firebaseio.com\",\"storageBucket\":\"messageai-59479.firebasestorage.app\"}","GCLOUD_PROJECT":"messageai-59479","EVENTARC_CLOUD_EVENT_SOURCE":"projects/messageai-59479/locations/us-central1/services/onMessageCreated","FUNCTION_SIGNATURE_TYPE":"cloudevent","FUNCTION_TARGET":"onMessageCreated","LOG_EXECUTION_ID":"true"},"ingressSettings":null,"timeoutSeconds":null,"serviceAccountEmail":null,"availableMemory":"256Mi","minInstanceCount":null,"maxInstanceCount":null,"maxInstanceRequestConcurrency":80,"availableCpu":"1","vpcConnector":null,"vpcConnectorEgressSettings":null},"labels":{"deployment-tool":"cli-firebase","firebase-functions-hash":"1f74e7ac5c2a78a9720c8c1eb81a771926b92cdb"},"eventTrigger":{"eventType":"google.cloud.firestore.document.v1.created","retryPolicy":"RETRY_POLICY_DO_NOT_RETRY","eventFilters":[{"attribute":"database","value":"(default)"},{"attribute":"namespace","value":"(default)"},{"attribute":"document","value":"messages/{messageId}","operator":"match-path-pattern"}],"triggerRegion":"nam5"}}
[debug] [2025-10-21T01:22:01.919Z] <<< [apiv2][status] POST https://cloudfunctions.googleapis.com/v2/projects/messageai-59479/locations/us-central1/functions 400
[debug] [2025-10-21T01:22:01.919Z] <<< [apiv2][body] POST https://cloudfunctions.googleapis.com/v2/projects/messageai-59479/locations/us-central1/functions {"error":{"code":400,"message":"Validation failed for trigger projects/messageai-59479/locations/nam5/triggers/onmessagecreated-690885: Invalid resource state for \"\": Permission denied while using the Eventarc Service Agent. If you recently started to use Eventarc, it may take a few minutes before all necessary permissions are propagated to the Service Agent. Otherwise, verify that it has Eventarc Service Agent role.","status":"FAILED_PRECONDITION"}}
[warn] ⚠  functions: Request to https://cloudfunctions.googleapis.com/v2/projects/messageai-59479/locations/us-central1/functions?functionId=onMessageCreated had HTTP Error: 400, Validation failed for trigger projects/messageai-59479/locations/nam5/triggers/onmessagecreated-690885: Invalid resource state for "": Permission denied while using the Eventarc Service Agent. If you recently started to use Eventarc, it may take a few minutes before all necessary permissions are propagated to the Service Agent. Otherwise, verify that it has Eventarc Service Agent role. 
[warn] ⚠  functions: Since this is your first time using 2nd gen functions, we need a little bit longer to finish setting everything up. Retry the deployment in a few minutes. 
[warn] ⚠  functions:  failed to create function projects/messageai-59479/locations/us-central1/functions/onMessageCreated 
[error] Failed to create function projects/messageai-59479/locations/us-central1/functions/onMessageCreated
[debug] [2025-10-21T01:22:01.920Z] Total Function Deployment time: 15925
[debug] [2025-10-21T01:22:01.920Z] 1 Functions Deployed
[debug] [2025-10-21T01:22:01.920Z] 1 Functions Errored
[debug] [2025-10-21T01:22:01.920Z] 0 Function Deployments Aborted
[debug] [2025-10-21T01:22:01.920Z] Average Function Deployment time: 15925
[info] 
[info] Functions deploy had errors with the following functions:
	onMessageCreated(us-central1)
[debug] [2025-10-21T01:22:01.921Z] Checked if tokens are valid: true, expires at: 1761010985439
[debug] [2025-10-21T01:22:01.921Z] Checked if tokens are valid: true, expires at: 1761010985439
[debug] [2025-10-21T01:22:01.921Z] >>> [apiv2][query] GET https://artifactregistry.googleapis.com/v1/projects/messageai-59479/locations/us-central1/repositories/gcf-artifacts [none]
[debug] [2025-10-21T01:22:02.093Z] <<< [apiv2][status] GET https://artifactregistry.googleapis.com/v1/projects/messageai-59479/locations/us-central1/repositories/gcf-artifacts 404
[debug] [2025-10-21T01:22:02.094Z] <<< [apiv2][body] GET https://artifactregistry.googleapis.com/v1/projects/messageai-59479/locations/us-central1/repositories/gcf-artifacts {"error":{"code":404,"message":"Requested entity was not found.","status":"NOT_FOUND"}}
[debug] [2025-10-21T01:22:02.094Z] Failed to check artifact cleanup policy for region us-central1: Request to https://artifactregistry.googleapis.com/v1/projects/messageai-59479/locations/us-central1/repositories/gcf-artifacts had HTTP Error: 404, Requested entity was not found. {"name":"FirebaseError","children":[],"context":{"body":{"error":{"code":404,"message":"Requested entity was not found.","status":"NOT_FOUND"}},"response":{"statusCode":404}},"exit":1,"message":"Request to https://artifactregistry.googleapis.com/v1/projects/messageai-59479/locations/us-central1/repositories/gcf-artifacts had HTTP Error: 404, Requested entity was not found.","status":404}
[debug] [2025-10-21T01:22:02.094Z] Functions deploy failed.
[debug] [2025-10-21T01:22:02.094Z] {
  "endpoint": {
    "id": "onMessageCreated",
    "project": "messageai-59479",
    "region": "us-central1",
    "entryPoint": "onMessageCreated",
    "platform": "gcfv2",
    "runtime": "nodejs22",
    "eventTrigger": {
      "eventType": "google.cloud.firestore.document.v1.created",
      "retry": false,
      "eventFilters": {
        "database": "(default)",
        "namespace": "(default)"
      },
      "eventFilterPathPatterns": {
        "document": "messages/{messageId}"
      },
      "region": "nam5"
    },
    "labels": {
      "deployment-tool": "cli-firebase"
    },
    "serviceAccount": null,
    "ingressSettings": null,
    "availableMemoryMb": null,
    "timeoutSeconds": null,
    "maxInstances": null,
    "minInstances": null,
    "concurrency": 80,
    "vpc": null,
    "environmentVariables": {
      "FIREBASE_CONFIG": "{\"projectId\":\"messageai-59479\",\"databaseURL\":\"https://messageai-59479-default-rtdb.firebaseio.com\",\"storageBucket\":\"messageai-59479.firebasestorage.app\"}",
      "GCLOUD_PROJECT": "messageai-59479",
      "EVENTARC_CLOUD_EVENT_SOURCE": "projects/messageai-59479/locations/us-central1/services/onMessageCreated"
    },
    "codebase": "default",
    "cpu": 1,
    "targetedByOnly": false,
    "hash": "1f74e7ac5c2a78a9720c8c1eb81a771926b92cdb"
  },
  "op": "create",
  "original": {
    "name": "FirebaseError",
    "children": [],
    "context": {
      "function": "projects/messageai-59479/locations/us-central1/functions/onMessageCreated"
    },
    "exit": 1,
    "message": "Failed to create function projects/messageai-59479/locations/us-central1/functions/onMessageCreated",
    "original": {
      "name": "FirebaseError",
      "children": [],
      "context": {
        "body": {
          "error": {
            "code": 400,
            "message": "Validation failed for trigger projects/messageai-59479/locations/nam5/triggers/onmessagecreated-690885: Invalid resource state for \"\": Permission denied while using the Eventarc Service Agent. If you recently started to use Eventarc, it may take a few minutes before all necessary permissions are propagated to the Service Agent. Otherwise, verify that it has Eventarc Service Agent role.",
            "status": "FAILED_PRECONDITION"
          }
        },
        "response": {
          "statusCode": 400
        }
      },
      "exit": 1,
      "message": "Request to https://cloudfunctions.googleapis.com/v2/projects/messageai-59479/locations/us-central1/functions?functionId=onMessageCreated had HTTP Error: 400, Validation failed for trigger projects/messageai-59479/locations/nam5/triggers/onmessagecreated-690885: Invalid resource state for \"\": Permission denied while using the Eventarc Service Agent. If you recently started to use Eventarc, it may take a few minutes before all necessary permissions are propagated to the Service Agent. Otherwise, verify that it has Eventarc Service Agent role.",
      "status": 400
    },
    "status": 400,
    "code": 400
  }
}
[debug] [2025-10-21T01:22:02.095Z] Error: Failed to create function onMessageCreated in region us-central1
    at /Users/tyler/.nvm/versions/node/v22.17.0/lib/node_modules/firebase-tools/lib/deploy/functions/release/fabricator.js:306:27
    at process.processTicksAndRejections (node:internal/process/task_queues:105:5)
    at async Fabricator.createV2Function (/Users/tyler/.nvm/versions/node/v22.17.0/lib/node_modules/firebase-tools/lib/deploy/functions/release/fabricator.js:290:30)
    at async Fabricator.createEndpoint (/Users/tyler/.nvm/versions/node/v22.17.0/lib/node_modules/firebase-tools/lib/deploy/functions/release/fabricator.js:137:13)
    at async handle (/Users/tyler/.nvm/versions/node/v22.17.0/lib/node_modules/firebase-tools/lib/deploy/functions/release/fabricator.js:89:17)
[error] 
[error] Error: There was an error deploying functions
